
-----
Test: tests/test_search_saws.py::test_search_saws (call)
Start time: 2024-06-01 00:18:08.439816
Start name method: open_url

End time: 2024-06-01 00:18:18.640645
End name method: open_url
URL: https://krasnodar.220-volt.ru/

-----

-----
Test: tests/test_search_saws.py::test_search_saws (call)
Start time: 2024-06-01 00:18:23.653942
Start name method: input_hyundai_saw

End time: 2024-06-01 00:18:36.181872
End name method: input_hyundai_saw
URL: https://krasnodar.220-volt.ru/search/?q=%E1%E5%ED%E7%EE%EF%E8%EB%E0+Hyundai

-----

-----
Test: tests/test_search_saws.py::test_search_saws (call)
Start time: 2024-06-01 00:18:50.198420
Start name method: change_saw_1

