
-----
Test: tests/test_search_saws.py::test_search_saws (call)
Start time: 2024-05-31 01:30:57.673701
Start name method: open_url

End time: 2024-05-31 01:31:03.240169
End name method: open_url
URL: https://krasnodar.220-volt.ru/

-----

-----
Test: tests/test_search_saws.py::test_search_saws (call)
Start time: 2024-05-31 01:31:08.241798
Start name method: input_hyundai_saw

End time: 2024-05-31 01:31:13.154815
End name method: input_hyundai_saw
URL: https://krasnodar.220-volt.ru/?digiSearch=true&term=%D0%B1%D0%B5%D0%BD%D0%B7%D0%BE%D0%BF%D0%B8%D0%BB%D0%B0%20Hyundai&params=%7Csort%3DDEFAULT

-----

-----
Test: tests/test_search_saws.py::test_search_saws (call)
Start time: 2024-05-31 01:31:27.157932
Start name method: change_saw_1

End time: 2024-05-31 01:31:33.537576
End name method: change_saw_1
URL: https://krasnodar.220-volt.ru/catalog-735228/

-----

-----
Test: tests/test_search_saws.py::test_search_saws (call)
Start time: 2024-05-31 01:31:46.685231
Start name method: change_saw_2

End time: 2024-05-31 01:31:51.967970
End name method: change_saw_2
URL: https://krasnodar.220-volt.ru/catalog-735229/

-----

-----
Test: tests/test_search_saws.py::test_search_saws (call)
Start time: 2024-05-31 01:31:59.618677
Start name method: change_saw_3

End time: 2024-05-31 01:32:04.393580
End name method: change_saw_3
URL: https://krasnodar.220-volt.ru/catalog-735227/

-----

-----
Test: tests/test_search_saws.py::test_search_saws (call)
Start time: 2024-05-31 01:32:12.401277
Start name method: change_saw_4

End time: 2024-05-31 01:32:16.947085
End name method: change_saw_4
URL: https://krasnodar.220-volt.ru/catalog-697556/

-----

-----
Test: tests/test_search_saws.py::test_search_saws (call)
Start time: 2024-05-31 01:32:24.026750
Start name method: change_saw_5

End time: 2024-05-31 01:32:28.742213
End name method: change_saw_5
URL: https://krasnodar.220-volt.ru/catalog-697555/

-----

-----
Test: tests/test_search_saws.py::test_search_saws (call)
Start time: 2024-05-31 01:32:36.216812
Start name method: change_saw_6

End time: 2024-05-31 01:32:41.405787
End name method: change_saw_6
URL: https://krasnodar.220-volt.ru/catalog-697554/

-----
