
-----
Test: tests/test_search_saws.py::test_search_saws (call)
Start time: 2024-06-02 16:18:03.496113
Start name method: open_url

End time: 2024-06-02 16:18:08.964141
End name method: open_url
URL: https://krasnodar.220-volt.ru/

-----

-----
Test: tests/test_search_saws.py::test_search_saws (call)
Start time: 2024-06-02 16:18:13.967847
Start name method: input_hyundai_saw

End time: 2024-06-02 16:18:17.528782
End name method: input_hyundai_saw
URL: https://krasnodar.220-volt.ru/?digiSearch=true&term=%D0%B1%D0%B5%D0%BD%D0%B7%D0%BE%D0%BF%D0%B8%D0%BB%D0%B0%20Hyundai&params=%7Csort%3DDEFAULT

-----

-----
Test: tests/test_search_saws.py::test_search_saws (call)
Start time: 2024-06-02 16:18:31.533431
Start name method: change_saw_1

End time: 2024-06-02 16:18:35.453501
End name method: change_saw_1
URL: https://krasnodar.220-volt.ru/catalog-735228/

-----
