
-----
Test: tests/test_search_saws.py::test_search_saws (call)
Start time: 2024-05-31 21:30:09.467393
Start name method: open_url

End time: 2024-05-31 21:30:14.659777
End name method: open_url
URL: https://krasnodar.220-volt.ru/

-----

-----
Test: tests/test_search_saws.py::test_search_saws (call)
Start time: 2024-05-31 21:30:19.661465
Start name method: input_hyundai_saw

End time: 2024-05-31 21:30:23.047178
End name method: input_hyundai_saw
URL: https://krasnodar.220-volt.ru/?digiSearch=true&term=%D0%B1%D0%B5%D0%BD%D0%B7%D0%BE%D0%BF%D0%B8%D0%BB%D0%B0%20Hyundai&params=%7Csort%3DDEFAULT

-----

-----
Test: tests/test_search_saws.py::test_search_saws (call)
Start time: 2024-05-31 21:30:37.054290
Start name method: change_saw_1

End time: 2024-05-31 21:30:47.578327
End name method: change_saw_1
URL: https://krasnodar.220-volt.ru/catalog-735228/

-----

-----
Test: tests/test_search_saws.py::test_search_saws (call)
Start time: 2024-05-31 21:30:52.917216
Start name method: open_url_saws

End time: 2024-05-31 21:30:56.382464
End name method: open_url_saws
URL: https://krasnodar.220-volt.ru/?digiSearch=true&term=%D0%B1%D0%B5%D0%BD%D0%B7%D0%BE%D0%BF%D0%B8%D0%BB%D0%B0%20hyundai&params=%7Csort%3DDEFAULT

-----

-----
Test: tests/test_search_saws.py::test_search_saws (call)
Start time: 2024-05-31 21:31:01.384078
Start name method: change_saw_2

End time: 2024-05-31 21:31:06.287372
End name method: change_saw_2
URL: https://krasnodar.220-volt.ru/catalog-735229/

-----

-----
Test: tests/test_search_saws.py::test_search_saws (call)
Start time: 2024-05-31 21:31:06.428994
Start name method: open_url_saws

End time: 2024-05-31 21:31:09.206103
End name method: open_url_saws
URL: https://krasnodar.220-volt.ru/?digiSearch=true&term=%D0%B1%D0%B5%D0%BD%D0%B7%D0%BE%D0%BF%D0%B8%D0%BB%D0%B0%20hyundai&params=%7Csort%3DDEFAULT

-----

-----
Test: tests/test_search_saws.py::test_search_saws (call)
Start time: 2024-05-31 21:31:12.208020
Start name method: change_saw_3

End time: 2024-05-31 21:31:16.206183
End name method: change_saw_3
URL: https://krasnodar.220-volt.ru/catalog-735227/

-----

-----
Test: tests/test_search_saws.py::test_search_saws (call)
Start time: 2024-05-31 21:31:17.327817
Start name method: open_url_saws

End time: 2024-05-31 21:31:19.472383
End name method: open_url_saws
URL: https://krasnodar.220-volt.ru/?digiSearch=true&term=%D0%B1%D0%B5%D0%BD%D0%B7%D0%BE%D0%BF%D0%B8%D0%BB%D0%B0%20hyundai&params=%7Csort%3DDEFAULT

-----

-----
Test: tests/test_search_saws.py::test_search_saws (call)
Start time: 2024-05-31 21:31:22.481130
Start name method: change_saw_4

End time: 2024-05-31 21:31:26.921291
End name method: change_saw_4
URL: https://krasnodar.220-volt.ru/catalog-697556/

-----

-----
Test: tests/test_search_saws.py::test_search_saws (call)
Start time: 2024-05-31 21:31:27.974110
Start name method: open_url_saws

End time: 2024-05-31 21:31:30.978547
End name method: open_url_saws
URL: https://krasnodar.220-volt.ru/?digiSearch=true&term=%D0%B1%D0%B5%D0%BD%D0%B7%D0%BE%D0%BF%D0%B8%D0%BB%D0%B0%20hyundai&params=%7Csort%3DDEFAULT

-----

-----
Test: tests/test_search_saws.py::test_search_saws (call)
Start time: 2024-05-31 21:31:33.980171
Start name method: change_saw_5

End time: 2024-05-31 21:31:37.177364
End name method: change_saw_5
URL: https://krasnodar.220-volt.ru/catalog-697555/

-----

-----
Test: tests/test_search_saws.py::test_search_saws (call)
Start time: 2024-05-31 21:31:38.107457
Start name method: open_url_saws

End time: 2024-05-31 21:31:40.915596
End name method: open_url_saws
URL: https://krasnodar.220-volt.ru/?digiSearch=true&term=%D0%B1%D0%B5%D0%BD%D0%B7%D0%BE%D0%BF%D0%B8%D0%BB%D0%B0%20hyundai&params=%7Csort%3DDEFAULT

-----

-----
Test: tests/test_search_saws.py::test_search_saws (call)
Start time: 2024-05-31 21:31:43.925038
Start name method: change_saw_6

End time: 2024-05-31 21:31:46.776950
End name method: change_saw_6
URL: https://krasnodar.220-volt.ru/catalog-697554/

-----
