
-----
Test: tests/test_search_saws.py::test_search_saws (call)
Start time: 2024-05-31 22:36:08.724343
Start name method: open_url

End time: 2024-05-31 22:36:15.009392
End name method: open_url
URL: https://krasnodar.220-volt.ru/

-----

-----
Test: tests/test_search_saws.py::test_search_saws (call)
Start time: 2024-05-31 22:36:20.045316
Start name method: input_hyundai_saw

End time: 2024-05-31 22:36:24.209430
End name method: input_hyundai_saw
URL: https://krasnodar.220-volt.ru/?digiSearch=true&term=%D0%B1%D0%B5%D0%BD%D0%B7%D0%BE%D0%BF%D0%B8%D0%BB%D0%B0%20Hyundai&params=%7Csort%3DDEFAULT

-----

-----
Test: tests/test_search_saws.py::test_search_saws (call)
Start time: 2024-05-31 22:36:38.221105
Start name method: change_saw_1

End time: 2024-05-31 22:36:41.392308
End name method: change_saw_1
URL: https://krasnodar.220-volt.ru/catalog-735228/

-----

-----
Test: tests/test_search_saws.py::test_search_saws (call)
Start time: 2024-05-31 22:36:46.547130
Start name method: open_url_saws

End time: 2024-05-31 22:36:48.912602
End name method: open_url_saws
URL: https://krasnodar.220-volt.ru/?digiSearch=true&term=%D0%B1%D0%B5%D0%BD%D0%B7%D0%BE%D0%BF%D0%B8%D0%BB%D0%B0%20hyundai&params=%7Csort%3DDEFAULT

-----

-----
Test: tests/test_search_saws.py::test_search_saws (call)
Start time: 2024-05-31 22:36:53.913952
Start name method: change_saw_2

End time: 2024-05-31 22:36:58.625808
End name method: change_saw_2
URL: https://krasnodar.220-volt.ru/catalog-735229/

-----

-----
Test: tests/test_search_saws.py::test_search_saws (call)
Start time: 2024-05-31 22:36:58.759669
Start name method: open_url_saws

End time: 2024-05-31 22:37:01.262651
End name method: open_url_saws
URL: https://krasnodar.220-volt.ru/?digiSearch=true&term=%D0%B1%D0%B5%D0%BD%D0%B7%D0%BE%D0%BF%D0%B8%D0%BB%D0%B0%20hyundai&params=%7Csort%3DDEFAULT

-----

-----
Test: tests/test_search_saws.py::test_search_saws (call)
Start time: 2024-05-31 22:37:04.266980
Start name method: change_saw_3

End time: 2024-05-31 22:37:11.574653
End name method: change_saw_3
URL: https://krasnodar.220-volt.ru/catalog-735227/

-----

-----
Test: tests/test_search_saws.py::test_search_saws (call)
Start time: 2024-05-31 22:37:13.388172
Start name method: open_url_saws

End time: 2024-05-31 22:37:15.536204
End name method: open_url_saws
URL: https://krasnodar.220-volt.ru/?digiSearch=true&term=%D0%B1%D0%B5%D0%BD%D0%B7%D0%BE%D0%BF%D0%B8%D0%BB%D0%B0%20hyundai&params=%7Csort%3DDEFAULT

-----

-----
Test: tests/test_search_saws.py::test_search_saws (call)
Start time: 2024-05-31 22:37:18.538179
Start name method: change_saw_4

End time: 2024-05-31 22:37:24.794937
End name method: change_saw_4
URL: https://krasnodar.220-volt.ru/catalog-697556/

-----

-----
Test: tests/test_search_saws.py::test_search_saws (call)
Start time: 2024-05-31 22:37:26.722449
Start name method: open_url_saws

End time: 2024-05-31 22:37:28.899991
End name method: open_url_saws
URL: https://krasnodar.220-volt.ru/?digiSearch=true&term=%D0%B1%D0%B5%D0%BD%D0%B7%D0%BE%D0%BF%D0%B8%D0%BB%D0%B0%20hyundai&params=%7Csort%3DDEFAULT

-----

-----
Test: tests/test_search_saws.py::test_search_saws (call)
Start time: 2024-05-31 22:37:31.902569
Start name method: change_saw_5

End time: 2024-05-31 22:37:34.835193
End name method: change_saw_5
URL: https://krasnodar.220-volt.ru/catalog-697555/

-----

-----
Test: tests/test_search_saws.py::test_search_saws (call)
Start time: 2024-05-31 22:37:36.044282
Start name method: open_url_saws

End time: 2024-05-31 22:37:38.198372
End name method: open_url_saws
URL: https://krasnodar.220-volt.ru/?digiSearch=true&term=%D0%B1%D0%B5%D0%BD%D0%B7%D0%BE%D0%BF%D0%B8%D0%BB%D0%B0%20hyundai&params=%7Csort%3DDEFAULT

-----

-----
Test: tests/test_search_saws.py::test_search_saws (call)
Start time: 2024-05-31 22:37:41.200233
Start name method: change_saw_6

End time: 2024-05-31 22:37:44.072588
End name method: change_saw_6
URL: https://krasnodar.220-volt.ru/catalog-697554/

-----
