
-----
Test: tests/test_search_saws.py::test_search_saws (call)
Start time: 2024-05-31 22:53:13.650821
Start name method: open_url

End time: 2024-05-31 22:53:21.619842
End name method: open_url
URL: https://krasnodar.220-volt.ru/

-----

-----
Test: tests/test_search_saws.py::test_search_saws (call)
Start time: 2024-05-31 22:53:26.621974
Start name method: input_hyundai_saw

End time: 2024-05-31 22:53:28.343193
End name method: input_hyundai_saw
URL: https://krasnodar.220-volt.ru/?digiSearch=true&term=%D0%B1%D0%B5%D0%BD%D0%B7%D0%BE%D0%BF%D0%B8%D0%BB%D0%B0%20Hyundai&params=%7Csort%3DDEFAULT

-----

-----
Test: tests/test_search_saws.py::test_search_saws (call)
Start time: 2024-05-31 22:53:42.346102
Start name method: change_saw_1

End time: 2024-05-31 22:53:45.299832
End name method: change_saw_1
URL: https://krasnodar.220-volt.ru/catalog-735228/

-----

-----
Test: tests/test_search_saws.py::test_search_saws (call)
Start time: 2024-05-31 22:53:50.474760
Start name method: open_url_saws

End time: 2024-05-31 22:53:52.906403
End name method: open_url_saws
URL: https://krasnodar.220-volt.ru/?digiSearch=true&term=%D0%B1%D0%B5%D0%BD%D0%B7%D0%BE%D0%BF%D0%B8%D0%BB%D0%B0%20hyundai&params=%7Csort%3DDEFAULT

-----

-----
Test: tests/test_search_saws.py::test_search_saws (call)
Start time: 2024-05-31 22:53:57.909330
Start name method: change_saw_2

End time: 2024-05-31 22:53:59.941215
End name method: change_saw_2
URL: https://krasnodar.220-volt.ru/catalog-735229/

-----

-----
Test: tests/test_search_saws.py::test_search_saws (call)
Start time: 2024-05-31 22:54:01.644987
Start name method: open_url_saws

End time: 2024-05-31 22:54:04.984118
End name method: open_url_saws
URL: https://krasnodar.220-volt.ru/?digiSearch=true&term=%D0%B1%D0%B5%D0%BD%D0%B7%D0%BE%D0%BF%D0%B8%D0%BB%D0%B0%20hyundai&params=%7Csort%3DDEFAULT

-----

-----
Test: tests/test_search_saws.py::test_search_saws (call)
Start time: 2024-05-31 22:54:07.986384
Start name method: change_saw_3

End time: 2024-05-31 22:54:10.281767
End name method: change_saw_3
URL: https://krasnodar.220-volt.ru/catalog-735227/

-----

-----
Test: tests/test_search_saws.py::test_search_saws (call)
Start time: 2024-05-31 22:54:11.469432
Start name method: open_url_saws

End time: 2024-05-31 22:54:14.325565
End name method: open_url_saws
URL: https://krasnodar.220-volt.ru/?digiSearch=true&term=%D0%B1%D0%B5%D0%BD%D0%B7%D0%BE%D0%BF%D0%B8%D0%BB%D0%B0%20hyundai&params=%7Csort%3DDEFAULT

-----

-----
Test: tests/test_search_saws.py::test_search_saws (call)
Start time: 2024-05-31 22:54:17.327659
Start name method: change_saw_4

End time: 2024-05-31 22:54:20.244320
End name method: change_saw_4
URL: https://krasnodar.220-volt.ru/catalog-697556/

-----

-----
Test: tests/test_search_saws.py::test_search_saws (call)
Start time: 2024-05-31 22:54:21.338291
Start name method: open_url_saws

End time: 2024-05-31 22:54:25.945772
End name method: open_url_saws
URL: https://krasnodar.220-volt.ru/?digiSearch=true&term=%D0%B1%D0%B5%D0%BD%D0%B7%D0%BE%D0%BF%D0%B8%D0%BB%D0%B0%20hyundai&params=%7Csort%3DDEFAULT

-----

-----
Test: tests/test_search_saws.py::test_search_saws (call)
Start time: 2024-05-31 22:54:28.947211
Start name method: change_saw_5

End time: 2024-05-31 22:54:31.425257
End name method: change_saw_5
URL: https://krasnodar.220-volt.ru/catalog-697555/

-----

-----
Test: tests/test_search_saws.py::test_search_saws (call)
Start time: 2024-05-31 22:54:32.582005
Start name method: open_url_saws

End time: 2024-05-31 22:54:35.386529
End name method: open_url_saws
URL: https://krasnodar.220-volt.ru/?digiSearch=true&term=%D0%B1%D0%B5%D0%BD%D0%B7%D0%BE%D0%BF%D0%B8%D0%BB%D0%B0%20hyundai&params=%7Csort%3DDEFAULT

-----

-----
Test: tests/test_search_saws.py::test_search_saws (call)
Start time: 2024-05-31 22:54:38.390350
Start name method: change_saw_6

End time: 2024-05-31 22:54:40.393158
End name method: change_saw_6
URL: https://krasnodar.220-volt.ru/catalog-697554/

-----
