
-----
Test: tests/test_search_saws.py::test_search_saws (call)
Start time: 2024-06-02 16:31:11.666356
Start name method: open_url

End time: 2024-06-02 16:31:24.645392
End name method: open_url
URL: https://krasnodar.220-volt.ru/

-----

-----
Test: tests/test_search_saws.py::test_search_saws (call)
Start time: 2024-06-02 16:31:29.650614
Start name method: input_hyundai_saw

End time: 2024-06-02 16:31:31.427608
End name method: input_hyundai_saw
URL: https://krasnodar.220-volt.ru/?digiSearch=true&term=%D0%B1%D0%B5%D0%BD%D0%B7%D0%BE%D0%BF%D0%B8%D0%BB%D0%B0%20Hyundai&params=%7Csort%3DDEFAULT

-----

-----
Test: tests/test_search_saws.py::test_search_saws (call)
Start time: 2024-06-02 16:31:45.434133
Start name method: change_saw_1

End time: 2024-06-02 16:31:49.162590
End name method: change_saw_1
URL: https://krasnodar.220-volt.ru/catalog-735228/

-----

-----
Test: tests/test_search_saws.py::test_search_saws (call)
Start time: 2024-06-02 16:31:55.855411
Start name method: open_url_saws

End time: 2024-06-02 16:31:58.789739
End name method: open_url_saws
URL: https://krasnodar.220-volt.ru/?digiSearch=true&term=%D0%B1%D0%B5%D0%BD%D0%B7%D0%BE%D0%BF%D0%B8%D0%BB%D0%B0%20hyundai&params=%7Csort%3DDEFAULT

-----

-----
Test: tests/test_search_saws.py::test_search_saws (call)
Start time: 2024-06-02 16:32:03.793859
Start name method: change_saw_2

End time: 2024-06-02 16:32:07.075111
End name method: change_saw_2
URL: https://krasnodar.220-volt.ru/catalog-735229/

-----

-----
Test: tests/test_search_saws.py::test_search_saws (call)
Start time: 2024-06-02 16:32:08.475615
Start name method: open_url_saws

End time: 2024-06-02 16:32:10.831941
End name method: open_url_saws
URL: https://krasnodar.220-volt.ru/?digiSearch=true&term=%D0%B1%D0%B5%D0%BD%D0%B7%D0%BE%D0%BF%D0%B8%D0%BB%D0%B0%20hyundai&params=%7Csort%3DDEFAULT

-----

-----
Test: tests/test_search_saws.py::test_search_saws (call)
Start time: 2024-06-02 16:32:13.834540
Start name method: change_saw_3

End time: 2024-06-02 16:32:18.896429
End name method: change_saw_3
URL: https://krasnodar.220-volt.ru/catalog-735227/

-----

-----
Test: tests/test_search_saws.py::test_search_saws (call)
Start time: 2024-06-02 16:32:19.039949
Start name method: open_url_saws

End time: 2024-06-02 16:32:21.493028
End name method: open_url_saws
URL: https://krasnodar.220-volt.ru/?digiSearch=true&term=%D0%B1%D0%B5%D0%BD%D0%B7%D0%BE%D0%BF%D0%B8%D0%BB%D0%B0%20hyundai&params=%7Csort%3DDEFAULT

-----

-----
Test: tests/test_search_saws.py::test_search_saws (call)
Start time: 2024-06-02 16:32:24.494408
Start name method: change_saw_4

End time: 2024-06-02 16:32:27.609543
End name method: change_saw_4
URL: https://krasnodar.220-volt.ru/catalog-697556/

-----

-----
Test: tests/test_search_saws.py::test_search_saws (call)
Start time: 2024-06-02 16:32:28.865336
Start name method: open_url_saws

End time: 2024-06-02 16:32:31.612765
End name method: open_url_saws
URL: https://krasnodar.220-volt.ru/?digiSearch=true&term=%D0%B1%D0%B5%D0%BD%D0%B7%D0%BE%D0%BF%D0%B8%D0%BB%D0%B0%20hyundai&params=%7Csort%3DDEFAULT

-----

-----
Test: tests/test_search_saws.py::test_search_saws (call)
Start time: 2024-06-02 16:32:34.614994
Start name method: change_saw_5

End time: 2024-06-02 16:32:39.380872
End name method: change_saw_5
URL: https://krasnodar.220-volt.ru/catalog-697554/

-----

-----
Test: tests/test_search_saws.py::test_search_saws (call)
Start time: 2024-06-02 16:32:39.497408
Start name method: open_url_saws

End time: 2024-06-02 16:32:42.413544
End name method: open_url_saws
URL: https://krasnodar.220-volt.ru/?digiSearch=true&term=%D0%B1%D0%B5%D0%BD%D0%B7%D0%BE%D0%BF%D0%B8%D0%BB%D0%B0%20hyundai&params=%7Csort%3DDEFAULT

-----

-----
Test: tests/test_search_saws.py::test_search_saws (call)
Start time: 2024-06-02 16:32:45.416364
Start name method: change_saw_6

End time: 2024-06-02 16:32:48.396141
End name method: change_saw_6
URL: https://krasnodar.220-volt.ru/catalog-697555/

-----
