
-----
Test: tests/test_search_saws.py::test_search_saws (call)
Start time: 2024-05-31 22:06:06.351837
Start name method: open_url

End time: 2024-05-31 22:06:16.779457
End name method: open_url
URL: https://krasnodar.220-volt.ru/

-----

-----
Test: tests/test_search_saws.py::test_search_saws (call)
Start time: 2024-05-31 22:06:21.782768
Start name method: input_hyundai_saw

End time: 2024-05-31 22:06:23.331203
End name method: input_hyundai_saw
URL: https://krasnodar.220-volt.ru/?digiSearch=true&term=%D0%B1%D0%B5%D0%BD%D0%B7%D0%BE%D0%BF%D0%B8%D0%BB%D0%B0%20Hyundai&params=%7Csort%3DDEFAULT

-----

-----
Test: tests/test_search_saws.py::test_search_saws (call)
Start time: 2024-05-31 22:06:37.333695
Start name method: change_saw_1

End time: 2024-05-31 22:06:40.040748
End name method: change_saw_1
URL: https://krasnodar.220-volt.ru/catalog-735228/

-----

-----
Test: tests/test_search_saws.py::test_search_saws (call)
Start time: 2024-05-31 22:06:45.460668
Start name method: open_url_saws

End time: 2024-05-31 22:06:47.967571
End name method: open_url_saws
URL: https://krasnodar.220-volt.ru/?digiSearch=true&term=%D0%B1%D0%B5%D0%BD%D0%B7%D0%BE%D0%BF%D0%B8%D0%BB%D0%B0%20hyundai&params=%7Csort%3DDEFAULT

-----

-----
Test: tests/test_search_saws.py::test_search_saws (call)
Start time: 2024-05-31 22:06:52.969152
Start name method: change_saw_2

End time: 2024-05-31 22:06:55.382305
End name method: change_saw_2
URL: https://krasnodar.220-volt.ru/catalog-735229/

-----

-----
Test: tests/test_search_saws.py::test_search_saws (call)
Start time: 2024-05-31 22:06:56.513890
Start name method: open_url_saws

End time: 2024-05-31 22:06:58.897376
End name method: open_url_saws
URL: https://krasnodar.220-volt.ru/?digiSearch=true&term=%D0%B1%D0%B5%D0%BD%D0%B7%D0%BE%D0%BF%D0%B8%D0%BB%D0%B0%20hyundai&params=%7Csort%3DDEFAULT

-----

-----
Test: tests/test_search_saws.py::test_search_saws (call)
Start time: 2024-05-31 22:07:01.899257
Start name method: change_saw_3

End time: 2024-05-31 22:07:03.765667
End name method: change_saw_3
URL: https://krasnodar.220-volt.ru/catalog-735227/

-----

-----
Test: tests/test_search_saws.py::test_search_saws (call)
Start time: 2024-05-31 22:07:04.330562
Start name method: open_url_saws

End time: 2024-05-31 22:07:07.210331
End name method: open_url_saws
URL: https://krasnodar.220-volt.ru/?digiSearch=true&term=%D0%B1%D0%B5%D0%BD%D0%B7%D0%BE%D0%BF%D0%B8%D0%BB%D0%B0%20hyundai&params=%7Csort%3DDEFAULT

-----

-----
Test: tests/test_search_saws.py::test_search_saws (call)
Start time: 2024-05-31 22:07:10.212490
Start name method: change_saw_4

End time: 2024-05-31 22:07:12.581490
End name method: change_saw_4
URL: https://krasnodar.220-volt.ru/catalog-697556/

-----

-----
Test: tests/test_search_saws.py::test_search_saws (call)
Start time: 2024-05-31 22:07:13.459655
Start name method: open_url_saws

End time: 2024-05-31 22:07:16.294049
End name method: open_url_saws
URL: https://krasnodar.220-volt.ru/?digiSearch=true&term=%D0%B1%D0%B5%D0%BD%D0%B7%D0%BE%D0%BF%D0%B8%D0%BB%D0%B0%20hyundai&params=%7Csort%3DDEFAULT

-----

-----
Test: tests/test_search_saws.py::test_search_saws (call)
Start time: 2024-05-31 22:07:19.295664
Start name method: change_saw_5

End time: 2024-05-31 22:07:21.227586
End name method: change_saw_5
URL: https://krasnodar.220-volt.ru/catalog-697555/

-----

-----
Test: tests/test_search_saws.py::test_search_saws (call)
Start time: 2024-05-31 22:07:22.302511
Start name method: open_url_saws

End time: 2024-05-31 22:07:24.704691
End name method: open_url_saws
URL: https://krasnodar.220-volt.ru/?digiSearch=true&term=%D0%B1%D0%B5%D0%BD%D0%B7%D0%BE%D0%BF%D0%B8%D0%BB%D0%B0%20hyundai&params=%7Csort%3DDEFAULT

-----

-----
Test: tests/test_search_saws.py::test_search_saws (call)
Start time: 2024-05-31 22:07:27.706709
Start name method: change_saw_6

End time: 2024-05-31 22:07:29.356806
End name method: change_saw_6
URL: https://krasnodar.220-volt.ru/catalog-697554/

-----
