
-----
Test: tests/test_search_saws.py::test_search_saws (call)
Start time: 2024-06-02 19:28:41.682672
Start name method: open_url

End time: 2024-06-02 19:28:48.635793
End name method: open_url
URL: https://krasnodar.220-volt.ru/

-----

-----
Test: tests/test_search_saws.py::test_search_saws (call)
Start time: 2024-06-02 19:28:53.643695
Start name method: input_hyundai_saw

End time: 2024-06-02 19:28:55.003927
End name method: input_hyundai_saw
URL: https://krasnodar.220-volt.ru/?digiSearch=true&term=%D0%B1%D0%B5%D0%BD%D0%B7%D0%BE%D0%BF%D0%B8%D0%BB%D0%B0%20Hyundai&params=%7Csort%3DDEFAULT

-----

-----
Test: tests/test_search_saws.py::test_search_saws (call)
Start time: 2024-06-02 19:29:09.009014
Start name method: change_saw_1

End time: 2024-06-02 19:29:13.705873
End name method: change_saw_1
URL: https://krasnodar.220-volt.ru/catalog-735228/

-----

-----
Test: tests/test_search_saws.py::test_search_saws (call)
Start time: 2024-06-02 19:29:18.968508
Start name method: open_url_saws

End time: 2024-06-02 19:29:21.890315
End name method: open_url_saws
URL: https://krasnodar.220-volt.ru/?digiSearch=true&term=%D0%B1%D0%B5%D0%BD%D0%B7%D0%BE%D0%BF%D0%B8%D0%BB%D0%B0%20hyundai&params=%7Csort%3DDEFAULT

-----

-----
Test: tests/test_search_saws.py::test_search_saws (call)
Start time: 2024-06-02 19:29:26.893238
Start name method: change_saw_2

End time: 2024-06-02 19:29:31.513621
End name method: change_saw_2
URL: https://krasnodar.220-volt.ru/catalog-735229/

-----

-----
Test: tests/test_search_saws.py::test_search_saws (call)
Start time: 2024-06-02 19:29:31.712722
Start name method: open_url_saws

End time: 2024-06-02 19:29:36.980654
End name method: open_url_saws
URL: https://krasnodar.220-volt.ru/?digiSearch=true&term=%D0%B1%D0%B5%D0%BD%D0%B7%D0%BE%D0%BF%D0%B8%D0%BB%D0%B0%20hyundai&params=%7Csort%3DDEFAULT

-----

-----
Test: tests/test_search_saws.py::test_search_saws (call)
Start time: 2024-06-02 19:29:39.982391
Start name method: change_saw_3

End time: 2024-06-02 19:29:45.231845
End name method: change_saw_3
URL: https://krasnodar.220-volt.ru/catalog-735227/

-----

-----
Test: tests/test_search_saws.py::test_search_saws (call)
Start time: 2024-06-02 19:29:45.479182
Start name method: open_url_saws

End time: 2024-06-02 19:29:48.050967
End name method: open_url_saws
URL: https://krasnodar.220-volt.ru/?digiSearch=true&term=%D0%B1%D0%B5%D0%BD%D0%B7%D0%BE%D0%BF%D0%B8%D0%BB%D0%B0%20hyundai&params=%7Csort%3DDEFAULT

-----

-----
Test: tests/test_search_saws.py::test_search_saws (call)
Start time: 2024-06-02 19:29:51.052508
Start name method: change_saw_4

End time: 2024-06-02 19:29:57.750203
End name method: change_saw_4
URL: https://krasnodar.220-volt.ru/catalog-697556/

-----

-----
Test: tests/test_search_saws.py::test_search_saws (call)
Start time: 2024-06-02 19:29:59.015504
Start name method: open_url_saws

End time: 2024-06-02 19:30:02.240588
End name method: open_url_saws
URL: https://krasnodar.220-volt.ru/?digiSearch=true&term=%D0%B1%D0%B5%D0%BD%D0%B7%D0%BE%D0%BF%D0%B8%D0%BB%D0%B0%20hyundai&params=%7Csort%3DDEFAULT

-----

-----
Test: tests/test_search_saws.py::test_search_saws (call)
Start time: 2024-06-02 19:30:05.242920
Start name method: change_saw_5

End time: 2024-06-02 19:30:09.036263
End name method: change_saw_5
URL: https://krasnodar.220-volt.ru/catalog-697554/

-----

-----
Test: tests/test_search_saws.py::test_search_saws (call)
Start time: 2024-06-02 19:30:10.059373
Start name method: open_url_saws

End time: 2024-06-02 19:30:13.819636
End name method: open_url_saws
URL: https://krasnodar.220-volt.ru/?digiSearch=true&term=%D0%B1%D0%B5%D0%BD%D0%B7%D0%BE%D0%BF%D0%B8%D0%BB%D0%B0%20hyundai&params=%7Csort%3DDEFAULT

-----

-----
Test: tests/test_search_saws.py::test_search_saws (call)
Start time: 2024-06-02 19:30:16.829666
Start name method: change_saw_6

End time: 2024-06-02 19:30:23.447690
End name method: change_saw_6
URL: https://krasnodar.220-volt.ru/catalog-697555/

-----
